==========Conv 1 h3 w2 same example-1=====Start========
1.852844476699829
0
0
1.431152105331421
0
0
0.6550236940383911
0
1.7200324535369873
1.5581609010696411
0.6675475239753723
2.236632823944092
0.06615253537893295
0.29025331139564514
0.7702214121818542
0
0
0
0
0.9499664306640625
0
0
2.341318130493164
0
0
0
0.8151464462280273
1.0311371088027954
0
0
0
1.4202649593353271
0
0.6731129288673401
3.061389923095703
0
0
0
0
0
0.4327876567840576
0
1.12943696975708
0
0
1.4009473323822021
0.7083194851875305
0
2.19561767578125
0
0
1.2612414360046387
1.4654470682144165
0
2.0449378490448
1.2374132871627808
0
0
0
1.3644005060195923
0.9857543706893921
0
0
1.2432724237442017
==========Conv 1 h3 w2 same example-1=====End==========
==========Conv 1 h3 w2 same example-2=====Start========
0
0
0.4438609182834625
0.10211732238531113
0
1.47488534450531
0.17347386479377747
0
1.2873539924621582
1.9131495952606201
2.517343282699585
0.3758420944213867
0.6375616788864136
2.6529979705810547
2.7295899391174316
0
1.1738859415054321
0
2.9141669273376465
0
0.04970327764749527
0
0
0
0
0
0
0
1.292771816253662
1.329630970954895
0.11751936376094818
1.2237162590026855
0.06657037138938904
1.094380497932434
0
2.5259385108947754
0
0.5154775381088257
0
0
0.13521121442317963
0.7864166498184204
0
0
0
0.2816144824028015
2.36311411857605
0.8918237686157227
1.9387190341949463
0
3.4521725177764893
2.2821848392486572
1.182815670967102
0
3.054673910140991
0.1662285327911377
0.43455466628074646
0
0
0
2.6677565574645996
0.5426009893417358
1.7610653638839722
0
==========Conv 1 h3 w2 same example-2=====End==========
==========Conv 1 h3 w2 valid example-1=====Start========
1.7200324535369873
1.5581609010696411
0.6675475239753723
2.236632823944092
0.06615253537893295
0.29025331139564514
0.7702214121818542
0
0
0
0.9499664306640625
0
0
2.341318130493164
0
0
0.8151464462280273
1.0311371088027954
0
0
0
0
0.6731129288673401
3.061389923095703
0
0
0
0
0.4327876567840576
0
1.12943696975708
0
0
1.4009473323822021
0.7083194851875305
2.19561767578125
0
0
1.2612414360046387
1.4654470682144165
0
2.044938087463379
==========Conv 1 h3 w2 valid example-1=====End==========
==========Conv 1 h3 w2 valid example-2=====Start========
1.2873539924621582
1.9131495952606201
2.517343282699585
0.3758420944213867
0.6375616788864136
2.6529979705810547
2.7295899391174316
1.1738859415054321
0
2.9141669273376465
0
0.04970327764749527
0
0
0
0
0
0
1.292771816253662
1.329630970954895
0.11751936376094818
0.06657037138938904
1.094380497932434
0
2.5259385108947754
0
0.5154775381088257
0
0.13521121442317963
0.7864166498184204
0
0
0
0.2816144824028015
2.36311411857605
1.9387190341949463
0
3.4521725177764893
2.2821848392486572
1.182815670967102
0
3.054673433303833
==========Conv 1 h3 w2 valid example-2=====End==========
==========Conv 3 h3 w2 same example-1=====Start========
0
1.7498699426651
0
0.989691972732544
0.29854685068130493
0.5221022367477417
0
0
0
1.33707594871521
1.3704239130020142
0
1.4385898113250732
0
0
0
0
0
0
0.2557320296764374
0
0.12666000425815582
0.9156510233879089
0
0
0
1.211350917816162
0
1.7203236818313599
0
0
1.236940860748291
0.0019998699426651
0.35952228307724
1.6008461713790894
0.4340077340602875
0
2.3729209899902344
0
0.08478426933288574
0
0
0.149246484041214
0.9203515648841858
0
0.9523102641105652
0
0.4034484922885895
0.48479676246643066
0
0
0
0.103178471326828
0
1.1774152517318726
2.589362144470215
0
0
0
1.1743165254592896
0.5121424198150635
0.771379828453064
0.3998796045780182
0
0.2908637523651123
0.9556341171264648
1.1632754802703857
1.8076820373535156
0
0
0
0
1.2248047590255737
0.2371273934841156
0
0
0.49794262647628784
0
1.5931415557861328
0
0.11142027378082275
1.1371936798095703
1.6853669881820679
0
1.1860785484313965
0
1.3413567543029785
0.5482984185218811
0
2.6458539962768555
0
0.12823820114135742
1.2609186172485352
0.3186681866645813
0.8937948942184448
0
0
0
2.2582778930664062
0
0.005895234644412994
0
0
0.3961202800273895
1.3704023361206055
3.9935522079467773
0.4342212378978729
0.2744647264480591
0
0
0.5391290187835693
0
0.8349528312683105
0.844179630279541
0
0
0.9333363175392151
1.1361299753189087
0
1.4648964405059814
0
0
0
0
0
0
0
1.7870270013809204
0
1.4856477975845337
0
1.01003098487854
0
0
1.9096932411193848
0
0.6972557306289673
0
1.8163447380065918
0.7178011536598206
0.8624786138534546
0
0
0
0
0
0
0.2478451132774353
2.677565574645996
0
0
0.25444814562797546
0.4152834415435791
0
0.5079120993614197
0.9799261093139648
0
0
0
0
0
0.594973623752594
0.08450579643249512
2.4849629402160645
0.3850195109844208
0
0.5333307981491089
0
0
0
0
0.11868706345558167
0
0
0.4320353865623474
1.7392265796661377
0.5900071859359741
0.41978904604911804
0.3141975700855255
2.1281726360321045
0.5707932114601135
0
0
0
0
0.1344665288925171
0
0.13833832740783691
3.4549975395202637
0.6790675520896912
0
0
==========Conv 3 h3 w2 same example-1=====End==========
==========Conv 3 h3 w2 same example-2=====Start========
0.7857400178909302
0.07004551589488983
0
0.01410016417503357
0
0
1.2410393953323364
0.5803983211517334
0
0.9005581736564636
0
0
1.0089020729064941
0
0.11096833646297455
0.27055856585502625
0.7568193078041077
0
0
0.1490037739276886
0.09738190472126007
0.15576598048210144
0
0.25948119163513184
1.0670944452285767
0
1.5269372463226318
0
0.8027355074882507
0
2.266101360321045
0
2.1550564765930176
0
1.1522449254989624
0
0.9434586763381958
0.8852099180221558
0.9879440069198608
0
0
1.7106999158859253
0.10474669933319092
0.8283235430717468
0
0
0
0
0
1.7488926649093628
0
0
0.6130228042602539
0
0
3.638164520263672
0
0.7742787599563599
0
0
1.0375304222106934
0
0.8918159008026123
0
1.8385940790176392
0
0
0.21880649030208588
0
0.28083640336990356
0.9029010534286499
0
3.047340154647827
0
1.1088112592697144
0
0
0
1.6490882635116577
2.335726737976074
0.3114399313926697
0
0.32574737071990967
0
0
2.8507285118103027
1.9469213485717773
1.1297738552093506
1.1351032257080078
0
0.1187642440199852
0
2.8729991912841797
1.351816177368164
0
1.223638653755188
1.3804916143417358
2.3834192752838135
0.8823201656341553
1.0379514694213867
0
0
0
1.0930250883102417
0.4617673456668854
1.848496437072754
0
4.288714408874512
0
0
1.5986868143081665
0.08118566870689392
0.9120546579360962
0.45217660069465637
2.0181241035461426
2.6290717124938965
1.5030415058135986
0
0
0
0.6098240613937378
0
3.356354236602783
2.023864269256592
1.4687039852142334
0
0
0
0
1.852769374847412
2.928166389465332
0
0
0
0
0
2.0575931072235107
1.065101146697998
0.8847578167915344
0
3.8131909370422363
0.7716287970542908
0.9496339559555054
0.08389711380004883
0
0.1145193800330162
0.5435560345649719
0
0
1.157010555267334
0
2.5764546394348145
0.5312090516090393
0.9498996734619141
0
1.5146098136901855
1.5888819694519043
0.895930826663971
0
0.5452516674995422
0.7469027638435364
0.012994527816772461
0
0
1.7778881788253784
0.43092259764671326
0.8182408213615417
0
0.9795463681221008
0
0
0
0
0
1.0029921531677246
0
0.13782620429992676
0
0.7555364370346069
0.49539506435394287
0.549629807472229
0.7131280899047852
0.7513693571090698
0.2839961647987366
0
1.486600637435913
1.1210476160049438
0.9279982447624207
0.5179377794265747
0
0
0
==========Conv 3 h3 w2 same example-2=====End==========
==========Conv 3 h3 w2 valid example-1=====Start========
0
0
1.211350917816162
0
1.7203236818313599
0
0
1.236940860748291
0.0019998699426651
0.35952228307724
1.6008461713790894
0.4340077340602875
0
2.3729209899902344
0
0.08478426933288574
0
0
0.149246484041214
0.9203515648841858
0
0.48479676246643066
0
0
0
0.103178471326828
0
1.1774152517318726
2.589362144470215
0
0
0
1.1743165254592896
0.5121424198150635
0.771379828453064
0.3998796045780182
0
0.2908637523651123
0.9556341171264648
1.1632754802703857
1.8076820373535156
0
1.2248047590255737
0.2371273934841156
0
0
0.49794262647628784
0
1.5931415557861328
0
0.11142027378082275
1.1371936798095703
1.6853669881820679
0
1.1860785484313965
0
1.3413567543029785
0.5482984185218811
0
2.6458539962768555
0
0.12823820114135742
1.2609186172485352
0
0
2.2582778930664062
0
0.005895234644412994
0
0
0.3961202800273895
1.3704023361206055
3.9935522079467773
0.4342212378978729
0.2744647264480591
0
0
0.5391290187835693
0
0.8349528312683105
0.844179630279541
0
0
0.9333363175392151
0
0
0
0
0
0
0
1.7870270013809204
0
1.4856477975845337
0
1.01003098487854
0
0
1.9096932411193848
0
0.6972557306289673
0
1.8163447380065918
0.7178011536598206
0.8624786138534546
0
0
0
0.2478451132774353
2.677565574645996
0
0
0.25444814562797546
0.4152834415435791
0
0.5079120993614197
0.9799261093139648
0
0
0
0
0
0.5949735641479492
0.08450579643249512
2.4849629402160645
0.3850197494029999
==========Conv 3 h3 w2 valid example-1=====End==========
==========Conv 3 h3 w2 valid example-2=====Start========
1.0670944452285767
0
1.5269372463226318
0
0.8027355074882507
0
2.266101360321045
0
2.1550564765930176
0
1.1522449254989624
0
0.9434586763381958
0.8852099180221558
0.9879440069198608
0
0
1.7106999158859253
0.10474669933319092
0.8283235430717468
0
0
1.7488926649093628
0
0
0.6130228042602539
0
0
3.638164520263672
0
0.7742787599563599
0
0
1.0375304222106934
0
0.8918159008026123
0
1.8385940790176392
0
0
0.21880649030208588
0
3.047340154647827
0
1.1088112592697144
0
0
0
1.6490882635116577
2.335726737976074
0.3114399313926697
0
0.32574737071990967
0
0
2.8507285118103027
1.9469213485717773
1.1297738552093506
1.1351032257080078
0
0.1187642440199852
0
2.8729991912841797
1.3804916143417358
2.3834192752838135
0.8823201656341553
1.0379514694213867
0
0
0
1.0930250883102417
0.4617673456668854
1.848496437072754
0
4.288714408874512
0
0
1.5986868143081665
0.08118566870689392
0.9120546579360962
0.45217660069465637
2.0181241035461426
2.6290717124938965
1.5030415058135986
0.6098240613937378
0
3.356354236602783
2.023864269256592
1.4687039852142334
0
0
0
0
1.852769374847412
2.928166389465332
0
0
0
0
0
2.0575931072235107
1.065101146697998
0.8847578167915344
0
3.8131909370422363
0
0.1145193800330162
0.5435560345649719
0
0
1.157010555267334
0
2.5764546394348145
0.5312090516090393
0.9498996734619141
0
1.5146098136901855
1.5888819694519043
0.895930826663971
0
0.5452516674995422
0.7469027638435364
0.012994423508644104
0
0
1.7778881788253784
==========Conv 3 h3 w2 valid example-2=====End==========
==========Conv float example=====Start========
0.875
0.875
0.875
0.875
==========Conv float example=====End==========
==========Conv float channels example=====Start========
297
594
891
==========Conv float channels example=====End==========
==========Conv float channels weights as inputs example=====Start========
297
594
891
==========Conv float channels weights as inputs example=====End==========
==========Conv float large example=====Start========
30
36
42
66
81
96
102
126
150
138
171
204
174
216
258
210
261
312
==========Conv float large example=====End==========
==========Conv float large weights as inputs example=====Start========
30
36
42
66
81
96
102
126
150
138
171
204
174
216
258
210
261
312
==========Conv float large weights as inputs example=====End==========
==========Conv float weights as inputs example=====Start========
0.875
0.875
0.875
0.875
==========Conv float weights as inputs example=====End==========
==========Depthwise conv example-1=====Start========
0.8405386209487915
0
0.7549465894699097
0
0
0.29443225264549255
0.1303720772266388
0.11573020368814468
0
0.2504008710384369
0.13290099799633026
0.4423055946826935
0
0
0.4572467803955078
0
0
0.6988644599914551
0.24434849619865417
0.22388966381549835
0
0.06769897043704987
0.46220511198043823
0.24912524223327637
0
0
0
0
0.16611362993717194
0
0.3443215787410736
0
0.5868151783943176
0
0.2965201437473297
0
0.7266288995742798
0
0.4527486264705658
0.532555341720581
0
0.18698059022426605
0
0.3986646234989166
0.28893202543258667
0
0.3125030994415283
0.24948035180568695
0.35147252678871155
0.07612206786870956
0
0
0.06650706380605698
0
0.6341419816017151
0.46657925844192505
0.5367436408996582
0.389538437128067
0.41777312755584717
0
0
0.40650978684425354
0.5863293409347534
0.3846416771411896
0.019800281152129173
0
0.8940098285675049
0
0
0
0.1387472301721573
0.35116711258888245
0
0.11896231770515442
0
0
0
0.7430411577224731
0
0.4212777614593506
0
0.9353598952293396
0.28768399357795715
0.319749116897583
0
0.054362084716558456
0
0.05630229413509369
0
0
0
0
0
0.6571938991546631
0.19403256475925446
0
0
0.15791647136211395
0.08813641220331192
0.1666678786277771
0
0
0.9216551184654236
0
0
0
0.13340960443019867
0.374138742685318
0
0
0
0.456886351108551
0
0.1318412870168686
0.811082661151886
0
0
0
0.061528466641902924
0
0.5225540399551392
0
0.7857537865638733
0
0.07285068184137344
0
0
0.3095000684261322
0
0
0
0.23825635015964508
0.6189589500427246
0
0.41628092527389526
0.5490621328353882
0.03336436673998833
0
0
0.14267680048942566
0
0.15483950078487396
0
0.6191891431808472
0
0
0.13348698616027832
0
0.3286113440990448
0.6009335517883301
0.9077387452125549
0.24519900977611542
0
0.49435028433799744
0.23537269234657288
0
0.31274768710136414
0
0.6935837268829346
0
0
0.13875947892665863
0.3908901512622833
0.3806070387363434
0
0.3229818046092987
0
0.6586112380027771
0
0.2000550478696823
0
0
0.30381229519844055
0
0.5662152767181396
0.2616868019104004
0.6855097413063049
0
0.29041868448257446
0
0
0
0
0
0
0
0
0
0
0.6805820465087891
0.1391347497701645
0
==========Depthwise conv example-1=====End==========
==========Depthwise conv example-2=====Start========
0.2853565216064453
0.0018119339365512133
0.45396688580513
0
0.13314594328403473
0.1250661164522171
0.6955622434616089
0.4064153730869293
0.6129039525985718
0
0
0.2723689675331116
0
0
0.6797341704368591
0.7295729517936707
0.22085949778556824
0.019207224249839783
0
0
0.7907715439796448
0
0
0
0.14653585851192474
0
0
0
0
0.2230890691280365
0
0
0
0
0
0.44717857241630554
0.0027381994295865297
0.06005498021841049
0.5613996386528015
0.30833500623703003
0
0
0
0
0.027595218271017075
0
0.03475557267665863
0.6093470454216003
0
0.272829532623291
0.485148161649704
0
0
0.5514324903488159
0.9233536720275879
0.36003586649894714
0
0
0
0.7964434623718262
0.26692891120910645
0.4216386675834656
0
0.9265798926353455
0
0.663611650466919
0
0.44308027625083923
0
0.36995038390159607
0.3766629993915558
0.6548932194709778
0.2896745204925537
0.10743861645460129
0
0.09957308322191238
0.21301856637001038
0.18728062510490417
0
0.4491163194179535
0
0.8282204270362854
0.4507664740085602
0.24037061631679535
0.6914355754852295
0
0.3904995918273926
0.5702028870582581
0.11149582266807556
0
0.45736366510391235
0.14941684901714325
0
0
0
0
0.7739307880401611
0
0.4068662226200104
0.4262564480304718
0
0.6809918880462646
0
0
0.5753988027572632
0.5090841054916382
0.16486966609954834
0
0
0
0
0.9025241136550903
0.13309219479560852
0
0.676730751991272
0.4608396291732788
0.48938897252082825
0.6683498620986938
0
0.06926827132701874
0
0
0.10529711097478867
0.9387532472610474
0
0
0.45314037799835205
0.11995616555213928
0
0.2638891935348511
0.2759700119495392
0.679431676864624
0.700872540473938
0.09107375144958496
0.2134491205215454
0.09171361476182938
0.08428649604320526
0
0.21462778747081757
0.188826784491539
0
0.8980852961540222
0
0.13962672650814056
0
0
0.5226656198501587
0
0
0
0.49490201473236084
0
0
0
0
0
0.4531664550304413
0.04736026003956795
0.5620383620262146
0.15250802040100098
0.31681227684020996
0.5821813941001892
0.63715660572052
0.1905456781387329
0
0
0
0.6161229610443115
0
0
0
0
0.41839951276779175
0.5773913860321045
0
0
0
0
0.46004679799079895
0
0.7082244753837585
0
0
0.09544792771339417
0
0
0.4812784194946289
0
0
0
0.061113812029361725
0.046787235885858536
==========Depthwise conv example-2=====End==========
==========Depthwise conv2d float example=====Start========
11
3
7.200000286102295
10.600000381469727
11
3
7.400000095367432
10.899999618530273
11
3
7.800000190734863
11.5
11
3
8
11.800000190734863
==========Depthwise conv2d float example=====End==========
==========Depthwise conv2d float large example=====Start========
110
246
==========Depthwise conv2d float large example=====End==========
==========Depthwise conv2d float large example/2=====Start========
600010
700046
830000
900000
==========Depthwise conv2d float large example/2=====End==========
==========Depthwise conv2d float large 2 weights as inputs example=====Start========
600010
700046
830000
900000
==========Depthwise conv2d float large 2 weights as inputs example=====End==========
==========Depthwise conv2d float large weights as inputs example=====Start========
110
246
==========Depthwise conv2d float large weights as inputs example=====End==========
==========Depthwise conv2d float weights as inputs example=====Start========
11
3
7.200000286102295
10.600000381469727
11
3
7.400000095367432
10.899999618530273
11
3
7.800000190734863
11.5
11
3
8
11.800000190734863
==========Depthwise conv2d float weights as inputs example=====End==========
