==========Conv 1 h3 w2 same example-1=====Start========
1
-0.03936517983675003
-0.12735417485237122
1
-0.3022947907447815
-1
0.6550236940383911
-0.587613582611084
1
1
0.6675475239753723
1
0.06615253537893295
0.29025331139564514
0.7702214121818542
-0.3463568091392517
-1
-0.8505960702896118
-0.48422494530677795
0.9499664306640625
-0.5772628784179688
-0.871949315071106
1
-0.10450556874275208
-0.1359645128250122
-0.9857118129730225
0.8151464462280273
1
-1
-0.515534520149231
-0.3736388683319092
1
-1
0.6731129288673401
1
-0.38857704401016235
-1
-0.31566688418388367
-1
-0.34343600273132324
0.4327876567840576
-1
1
-0.1758061945438385
-0.8464152812957764
1
0.7083194851875305
-1
1
-1
-0.7053839564323425
1
1
-1
1
1
-0.5274010896682739
-0.39953964948654175
-0.012862205505371094
1
0.9857543706893921
-0.7181189656257629
-0.1008005142211914
1
==========Conv 1 h3 w2 same example-1=====End==========
==========Conv 1 h3 w2 same example-2=====Start========
-0.0006153620779514313
-1
0.4438609182834625
0.10211732238531113
-1
1
0.17347386479377747
-0.23757654428482056
1
1
1
0.3758420944213867
0.6375616788864136
1
1
-1
1
-1
1
-1
0.04970327764749527
-0.1271056979894638
-0.1444731503725052
-0.13376104831695557
-0.39328449964523315
-1
-0.23917758464813232
-0.24650941789150238
1
1
0.11751936376094818
1
0.06657037138938904
1
-1
1
-0.9692087769508362
0.5154775381088257
-1
-0.8389046788215637
0.13521121442317963
0.7864166498184204
-1
-0.7391021251678467
-1
0.2816144824028015
1
0.8918237686157227
1
-0.15049007534980774
1
1
1
-1
1
0.1662285327911377
0.43455466628074646
-1
-0.9586609601974487
-1
1
0.5426009893417358
1
-1
==========Conv 1 h3 w2 same example-2=====End==========
==========Conv 1 h3 w2 valid example-1=====Start========
1
1
0.6675475239753723
1
0.06615253537893295
0.29025331139564514
0.7702214121818542
-1
-0.8505960702896118
-0.48422494530677795
0.9499664306640625
-0.5772628784179688
-0.871949315071106
1
-0.1359645128250122
-0.9857118129730225
0.8151464462280273
1
-1
-0.515534520149231
-0.3736388683319092
-1
0.6731129288673401
1
-0.38857704401016235
-1
-0.31566688418388367
-1
0.4327876567840576
-1
1
-0.1758061945438385
-0.8464152812957764
1
0.7083194851875305
1
-1
-0.7053839564323425
1
1
-1
1
==========Conv 1 h3 w2 valid example-1=====End==========
==========Conv 1 h3 w2 valid example-2=====Start========
1
1
1
0.3758420944213867
0.6375616788864136
1
1
1
-1
1
-1
0.04970327764749527
-0.1271056979894638
-0.1444731503725052
-0.39328449964523315
-1
-0.23917758464813232
-0.24650941789150238
1
1
0.11751936376094818
0.06657037138938904
1
-1
1
-0.9692087769508362
0.5154775381088257
-1
0.13521121442317963
0.7864166498184204
-1
-0.7391021251678467
-1
0.2816144824028015
1
1
-0.15049007534980774
1
1
1
-1
1
==========Conv 1 h3 w2 valid example-2=====End==========
==========Conv 3 h3 w2 same example-1=====Start========
-1
1
-0.8767170906066895
0.989691972732544
0.29854685068130493
0.5221022367477417
-0.536896288394928
-0.17938050627708435
-0.9669138789176941
1
1
-0.49549466371536255
1
-1
-0.43002793192863464
-0.6627941131591797
-0.08678886294364929
-0.9006590843200684
-0.5243967771530151
0.2557320296764374
-0.7790809869766235
0.12666000425815582
0.9156510233879089
-0.44476476311683655
-0.18684181571006775
-1
1
-0.38500910997390747
1
-1
-1
1
0.0019998699426651
0.35952228307724
1
0.4340077340602875
-0.2829456627368927
1
-1
0.08478426933288574
-0.3520932197570801
-1
0.149246484041214
0.9203515648841858
-1
0.9523102641105652
-0.358110249042511
0.4034484922885895
0.48479676246643066
-1
-0.6842987537384033
-1
0.103178471326828
-0.3070422112941742
1
1
-1
-1
-1
1
0.5121424198150635
0.771379828453064
0.3998796045780182
-0.05330920219421387
0.2908637523651123
0.9556341171264648
1
1
-1
-0.12647603452205658
-0.18522343039512634
-0.11477911472320557
1
0.2371273934841156
-0.21329569816589355
-0.6199413537979126
0.49794262647628784
-1
1
-0.12733519077301025
0.11142027378082275
1
1
-0.4796430468559265
1
-1
1
0.5482984185218811
-1
1
-0.9933549165725708
0.12823820114135742
1
0.3186681866645813
0.8937948942184448
-0.06005507707595825
-0.6291260719299316
-0.9492306113243103
1
-1
0.005895234644412994
-0.18785199522972107
-1
0.3961202800273895
1
1
0.4342212378978729
0.2744647264480591
-0.5624373555183411
-0.9148713946342468
0.5391290187835693
-0.928685188293457
0.8349528312683105
0.844179630279541
-0.5660524368286133
-0.9573425054550171
0.9333363175392151
1
-1
1
-0.4146660566329956
-0.45282137393951416
-0.7060068845748901
-1
-0.726575493812561
-0.09793782234191895
-0.4786680042743683
1
-0.6392877697944641
1
-0.1799047887325287
1
-0.3171188235282898
-0.675386369228363
1
-1
0.6972557306289673
-0.292255163192749
1
0.7178011536598206
0.8624786138534546
-0.4074786901473999
-0.3431066870689392
-0.03532499074935913
-0.4818926155567169
-0.1355654001235962
-1
0.2478451132774353
1
-1
-0.5196743607521057
0.25444814562797546
0.4152834415435791
-1
0.5079120993614197
0.9799261093139648
-0.1843043863773346
-0.000951879657804966
-0.7343472838401794
-0.19668430089950562
-0.7132421135902405
0.594973623752594
0.08450579643249512
1
0.3850195109844208
-0.20114484429359436
0.5333307981491089
-0.904872477054596
-0.3335191011428833
-0.581061840057373
-1
0.11868706345558167
-1
-0.6019871234893799
0.4320353865623474
1
0.5900071859359741
0.41978904604911804
0.3141975700855255
1
0.5707932114601135
-1
-0.3485875725746155
-1
-1
0.1344665288925171
-0.46038222312927246
0.13833832740783691
1
0.6790675520896912
-0.19028258323669434
-0.03074556589126587
==========Conv 3 h3 w2 same example-1=====End==========
==========Conv 3 h3 w2 same example-2=====Start========
0.7857400178909302
0.07004551589488983
-0.11024495959281921
0.01410016417503357
-0.6210066080093384
-0.9791038036346436
1
0.5803983211517334
-0.5129975080490112
0.9005581736564636
-0.6832296848297119
-1
1
-0.07524847984313965
0.11096833646297455
0.27055856585502625
0.7568193078041077
-0.10752958804368973
-0.37148386240005493
0.1490037739276886
0.09738190472126007
0.15576598048210144
-0.4765016436576843
0.25948119163513184
1
-1
1
-0.797245979309082
0.8027355074882507
-0.9971092939376831
1
-1
1
-1
1
-1
0.9434586763381958
0.8852099180221558
0.9879440069198608
-0.3458765745162964
-0.11470787972211838
1
0.10474669933319092
0.8283235430717468
-1
-0.45374199748039246
-0.2888298034667969
-0.09487038850784302
-0.4894140064716339
1
-0.37825751304626465
-1
0.6130228042602539
-1
-0.7467844486236572
1
-1
0.7742787599563599
-0.6139175891876221
-0.6500136852264404
1
-0.17792066931724548
0.8918159008026123
-1
1
-1
-0.06626316905021667
0.21880649030208588
-1
0.28083640336990356
0.9029010534286499
-1
1
-1
1
-0.9803696274757385
-1
-0.9558582305908203
1
1
0.3114399313926697
-0.5943747162818909
0.32574737071990967
-0.9525647759437561
-0.6134487390518188
1
1
1
1
-0.44965147972106934
0.1187642440199852
-0.19954605400562286
1
1
-1
1
1
1
0.8823201656341553
1
-0.3215709328651428
-1
-1
1
0.4617673456668854
1
-0.15892662107944489
1
-0.43737542629241943
-1
1
0.08118566870689392
0.9120546579360962
0.45217660069465637
1
1
1
-0.8402761220932007
-0.4558529257774353
-0.2249125838279724
0.6098240613937378
-0.11105062812566757
1
1
1
-0.7083628177642822
-0.5089921355247498
-1
-0.7572473287582397
1
1
-0.17299658060073853
-1
-0.35563600063323975
-0.33767005801200867
-0.5887532830238342
1
1
0.8847578167915344
-0.07121114432811737
1
0.7716287970542908
0.9496339559555054
0.08389711380004883
-1
0.1145193800330162
0.5435560345649719
-1
-0.2674429714679718
1
-1
1
0.5312090516090393
0.9498996734619141
-0.23144158720970154
1
1
0.895930826663971
-0.7530838847160339
0.5452516674995422
0.7469027638435364
0.012994527816772461
-0.7903979420661926
-1
1
0.43092259764671326
0.8182408213615417
-0.7314116954803467
0.9795463681221008
-1
-1
-1
-1
-0.6679126620292664
1
-1
0.13782620429992676
-1
0.7555364370346069
0.49539506435394287
0.549629807472229
0.7131280899047852
0.7513693571090698
0.2839961647987366
-0.8145314455032349
1
1
0.9279982447624207
0.5179377794265747
-0.6126607060432434
-1
-1
==========Conv 3 h3 w2 same example-2=====End==========
==========Conv 3 h3 w2 valid example-1=====Start========
-0.18684181571006775
-1
1
-0.38500910997390747
1
-1
-1
1
0.0019998699426651
0.35952228307724
1
0.4340077340602875
-0.2829456627368927
1
-1
0.08478426933288574
-0.3520932197570801
-1
0.149246484041214
0.9203515648841858
-1
0.48479676246643066
-1
-0.6842987537384033
-1
0.103178471326828
-0.3070422112941742
1
1
-1
-1
-1
1
0.5121424198150635
0.771379828453064
0.3998796045780182
-0.05330920219421387
0.2908637523651123
0.9556341171264648
1
1
-1
1
0.2371273934841156
-0.21329569816589355
-0.6199413537979126
0.49794262647628784
-1
1
-0.12733519077301025
0.11142027378082275
1
1
-0.4796430468559265
1
-1
1
0.5482984185218811
-1
1
-0.9933549165725708
0.12823820114135742
1
-0.6291260719299316
-0.9492306113243103
1
-1
0.005895234644412994
-0.18785199522972107
-1
0.3961202800273895
1
1
0.4342212378978729
0.2744647264480591
-0.5624373555183411
-0.9148713946342468
0.5391290187835693
-0.928685188293457
0.8349528312683105
0.844179630279541
-0.5660524368286133
-0.9573425054550171
0.9333363175392151
-0.4146660566329956
-0.45282137393951416
-0.7060068845748901
-1
-0.726575493812561
-0.09793782234191895
-0.4786680042743683
1
-0.6392877697944641
1
-0.1799047887325287
1
-0.3171188235282898
-0.675386369228363
1
-1
0.6972557306289673
-0.292255163192749
1
0.7178011536598206
0.8624786138534546
-0.4818926155567169
-0.1355654001235962
-1
0.2478451132774353
1
-1
-0.5196743607521057
0.25444814562797546
0.4152834415435791
-1
0.5079120993614197
0.9799261093139648
-0.1843043863773346
-0.000951879657804966
-0.7343472838401794
-0.19668442010879517
-0.71324223279953
0.5949735641479492
0.08450579643249512
1
0.3850197494029999
==========Conv 3 h3 w2 valid example-1=====End==========
==========Conv 3 h3 w2 valid example-2=====Start========
1
-1
1
-0.797245979309082
0.8027355074882507
-0.9971092939376831
1
-1
1
-1
1
-1
0.9434586763381958
0.8852099180221558
0.9879440069198608
-0.3458765745162964
-0.11470787972211838
1
0.10474669933319092
0.8283235430717468
-1
-0.4894140064716339
1
-0.37825751304626465
-1
0.6130228042602539
-1
-0.7467844486236572
1
-1
0.7742787599563599
-0.6139175891876221
-0.6500136852264404
1
-0.17792066931724548
0.8918159008026123
-1
1
-1
-0.06626316905021667
0.21880649030208588
-1
1
-1
1
-0.9803696274757385
-1
-0.9558582305908203
1
1
0.3114399313926697
-0.5943747162818909
0.32574737071990967
-0.9525647759437561
-0.6134487390518188
1
1
1
1
-0.44965147972106934
0.1187642440199852
-0.19954605400562286
1
1
1
0.8823201656341553
1
-0.3215709328651428
-1
-1
1
0.4617673456668854
1
-0.15892662107944489
1
-0.43737542629241943
-1
1
0.08118566870689392
0.9120546579360962
0.45217660069465637
1
1
1
0.6098240613937378
-0.11105062812566757
1
1
1
-0.7083628177642822
-0.5089921355247498
-1
-0.7572473287582397
1
1
-0.17299658060073853
-1
-0.35563600063323975
-0.33767005801200867
-0.5887532830238342
1
1
0.8847578167915344
-0.07121114432811737
1
-1
0.1145193800330162
0.5435560345649719
-1
-0.2674429714679718
1
-1
1
0.5312090516090393
0.9498996734619141
-0.23144158720970154
1
1
0.895930826663971
-0.7530838847160339
0.5452516674995422
0.7469027638435364
0.012994423508644104
-0.7903979420661926
-1
1
==========Conv 3 h3 w2 valid example-2=====End==========
==========Conv float example=====Start========
0.875
0.875
0.875
0.875
==========Conv float example=====End==========
==========Conv float channels example=====Start========
1
1
1
==========Conv float channels example=====End==========
==========Conv float channels weights as inputs example=====Start========
1
1
1
==========Conv float channels weights as inputs example=====End==========
==========Conv float large example=====Start========
1
1
1
1
1
1
1
1
1
1
1
1
1
1
1
1
1
1
==========Conv float large example=====End==========
==========Conv float large weights as inputs example=====Start========
1
1
1
1
1
1
1
1
1
1
1
1
1
1
1
1
1
1
==========Conv float large weights as inputs example=====End==========
==========Conv float weights as inputs example=====Start========
0.875
0.875
0.875
0.875
==========Conv float weights as inputs example=====End==========
==========Depthwise conv example-1=====Start========
0.8405386209487915
-0.3013468384742737
0.7549465894699097
-0.1484798789024353
-0.40603014826774597
0.29443225264549255
0.1303720772266388
0.11573020368814468
-0.18227693438529968
0.2504008710384369
0.13290099799633026
0.4423055946826935
-0.7396930456161499
-0.19627363979816437
0.4572467803955078
-0.6362454295158386
-0.10020539164543152
0.6988644599914551
0.24434849619865417
0.22388966381549835
-0.4361082911491394
0.06769897043704987
0.46220511198043823
0.24912524223327637
-0.14574840664863586
-0.3879636824131012
-0.3915731608867645
-0.39280131459236145
0.16611362993717194
-0.6223958730697632
0.3443215787410736
-0.37420451641082764
0.5868151783943176
-0.20337140560150146
0.2965201437473297
-0.5904115438461304
0.7266288995742798
-0.21389134228229523
0.4527486264705658
0.532555341720581
-0.20885148644447327
0.18698059022426605
-0.20903825759887695
0.3986646234989166
0.28893202543258667
-0.5401710271835327
0.3125030994415283
0.24948035180568695
0.35147252678871155
0.07612206786870956
-0.057625290006399155
-0.7305507659912109
0.06650706380605698
-0.2710430324077606
0.6341419816017151
0.46657925844192505
0.5367436408996582
0.389538437128067
0.41777312755584717
-0.35572853684425354
-0.5916721224784851
0.40650978684425354
0.5863293409347534
0.3846416771411896
0.019800281152129173
-0.35887858271598816
0.8940098285675049
-0.08253207057714462
-0.6764518022537231
-0.09356129914522171
0.1387472301721573
0.35116711258888245
-0.030584506690502167
0.11896231770515442
-0.20131924748420715
-0.091621533036232
-0.3009452819824219
0.7430411577224731
-0.34074950218200684
0.4212777614593506
-0.2187906801700592
0.9353598952293396
0.28768399357795715
0.319749116897583
-0.9073242545127869
0.054362084716558456
-0.088387131690979
0.05630229413509369
-0.20343159139156342
-0.27511289715766907
-0.4441787302494049
-0.33538269996643066
-0.40824228525161743
0.6571938991546631
0.19403256475925446
-0.27936527132987976
-0.4889076054096222
0.15791647136211395
0.08813641220331192
0.1666678786277771
-0.40700066089630127
-0.7660267353057861
0.9216551184654236
-0.4221486747264862
-0.6248069405555725
-0.20264095067977905
0.13340960443019867
0.374138742685318
-0.10936951637268066
-0.035369597375392914
-0.07599133253097534
0.456886351108551
-0.44905975461006165
0.1318412870168686
0.811082661151886
-0.21368096768856049
-0.13427695631980896
-0.33321496844291687
0.061528466641902924
-0.5661444067955017
0.5225540399551392
-0.26704874634742737
0.7857537865638733
-0.48906224966049194
0.07285068184137344
-0.06490921974182129
-0.7312029004096985
0.3095000684261322
-0.19967766106128693
-0.4452512264251709
-0.08315053582191467
0.23825635015964508
0.6189589500427246
-0.32844629883766174
0.41628092527389526
0.5490621328353882
0.03336436673998833
-0.340149462223053
-0.15427812933921814
0.14267680048942566
-0.11000077426433563
0.15483950078487396
-0.36805304884910583
0.6191891431808472
-0.580424427986145
-0.12303262203931808
0.13348698616027832
-0.4618130922317505
0.3286113440990448
0.6009335517883301
0.9077387452125549
0.24519900977611542
-0.7678351998329163
0.49435028433799744
0.23537269234657288
-0.08732917904853821
0.31274768710136414
-0.2498386651277542
0.6935837268829346
-0.351866751909256
-0.0173132736235857
0.13875947892665863
0.3908901512622833
0.3806070387363434
-0.7541714310646057
0.3229818046092987
-0.3128570020198822
0.6586112380027771
-0.15122295916080475
0.2000550478696823
-0.31167516112327576
-0.7909390926361084
0.30381229519844055
-0.3510783314704895
0.5662152767181396
0.2616868019104004
0.6855097413063049
-0.0862257182598114
0.29041868448257446
-0.17577138543128967
-0.4497808516025543
-0.21989977359771729
-0.3125859498977661
-0.39911070466041565
-0.0845295861363411
-0.14210103452205658
-0.5759982466697693
-0.38593485951423645
-0.5449368357658386
0.6805820465087891
0.1391347497701645
-0.5735944509506226
==========Depthwise conv example-1=====End==========
==========Depthwise conv example-2=====Start========
0.2853565216064453
0.0018119339365512133
0.45396688580513
-0.16047252714633942
0.13314594328403473
0.1250661164522171
0.6955622434616089
0.4064153730869293
0.6129039525985718
-0.7961083054542542
-0.22120076417922974
0.2723689675331116
-0.18129150569438934
-0.019941085949540138
0.6797341704368591
0.7295729517936707
0.22085949778556824
0.019207224249839783
-0.04671021178364754
-0.43634864687919617
0.7907715439796448
-0.012153317220509052
-0.10272367298603058
-0.2816307842731476
0.14653585851192474
-0.043704379349946976
-0.643831193447113
-0.12528304755687714
-0.3921377658843994
0.2230890691280365
-0.8932822942733765
-0.16027018427848816
-0.22557982802391052
-0.33896392583847046
-0.39344391226768494
0.44717857241630554
0.0027381994295865297
0.06005498021841049
0.5613996386528015
0.30833500623703003
-0.395641952753067
-0.232636958360672
-0.31754589080810547
-0.01373228244483471
0.027595218271017075
-0.5712888836860657
0.03475557267665863
0.6093470454216003
-0.4464445114135742
0.272829532623291
0.485148161649704
-0.602337121963501
-0.25022435188293457
0.5514324903488159
0.9233536720275879
0.36003586649894714
-0.39456290006637573
-0.6419296860694885
-0.18673016130924225
0.7964434623718262
0.26692891120910645
0.4216386675834656
-0.4472697973251343
0.9265798926353455
-0.22563007473945618
0.663611650466919
-0.2950514853000641
0.44308027625083923
-0.6802281737327576
0.36995038390159607
0.3766629993915558
0.6548932194709778
0.2896745204925537
0.10743861645460129
-0.6730641722679138
0.09957308322191238
0.21301856637001038
0.18728062510490417
-0.5253715515136719
0.4491163194179535
-0.7782544493675232
0.8282204270362854
0.4507664740085602
0.24037061631679535
0.6914355754852295
-0.35774755477905273
0.3904995918273926
0.5702028870582581
0.11149582266807556
-0.5532278418540955
0.45736366510391235
0.14941684901714325
-0.7694315910339355
-0.47016599774360657
-0.2715294659137726
-0.34965211153030396
0.7739307880401611
-0.13592414557933807
0.4068662226200104
0.4262564480304718
-0.33596280217170715
0.6809918880462646
-0.9368883967399597
-0.0000352305723936297
0.5753988027572632
0.5090841054916382
0.16486966609954834
-0.6571850776672363
-0.3215450644493103
-0.3381655812263489
-0.3351079225540161
0.9025241136550903
0.13309219479560852
-0.7903687357902527
0.676730751991272
0.4608396291732788
0.48938897252082825
0.6683498620986938
-0.23115655779838562
0.06926827132701874
-0.03777564316987991
-0.13974575698375702
0.10529711097478867
0.9387532472610474
-0.4038648307323456
-0.2224462628364563
0.45314037799835205
0.11995616555213928
-0.38812145590782166
0.2638891935348511
0.2759700119495392
0.679431676864624
0.700872540473938
0.09107375144958496
0.2134491205215454
0.09171361476182938
0.08428649604320526
-0.03673109784722328
0.21462778747081757
0.188826784491539
-0.24313345551490784
0.8980852961540222
-0.2711718678474426
0.13962672650814056
-0.31915077567100525
-0.008113058283925056
0.5226656198501587
-0.4598613381385803
-0.4240807294845581
-0.19956998527050018
0.49490201473236084
-0.16944202780723572
-0.040796443819999695
-0.6296906471252441
-0.4628259241580963
-0.5678032636642456
0.4531664550304413
0.04736026003956795
0.5620383620262146
0.15250802040100098
0.31681227684020996
0.5821813941001892
0.63715660572052
0.1905456781387329
-0.5565414428710938
-0.8602387309074402
-0.10672758519649506
0.6161229610443115
-0.7468420267105103
-0.025571295991539955
-0.4535180628299713
-0.8860675096511841
0.41839951276779175
0.5773913860321045
-0.4677842855453491
-0.05079011619091034
-0.6850362420082092
-0.46269235014915466
0.46004679799079895
-0.3182702958583832
0.7082244753837585
-0.3518209457397461
-0.3644157648086548
0.09544792771339417
-0.058628253638744354
-0.08940397948026657
0.4812784194946289
-0.20199085772037506
-0.2832789421081543
-0.897554874420166
0.061113812029361725
0.046787235885858536
==========Depthwise conv example-2=====End==========
==========Depthwise conv2d float example=====Start========
1
1
1
1
1
1
1
1
1
1
1
1
1
1
1
1
==========Depthwise conv2d float example=====End==========
==========Depthwise conv2d float large example=====Start========
1
1
==========Depthwise conv2d float large example=====End==========
==========Depthwise conv2d float large example/2=====Start========
1
1
1
1
==========Depthwise conv2d float large example/2=====End==========
==========Depthwise conv2d float large 2 weights as inputs example=====Start========
1
1
1
1
==========Depthwise conv2d float large 2 weights as inputs example=====End==========
==========Depthwise conv2d float large weights as inputs example=====Start========
1
1
==========Depthwise conv2d float large weights as inputs example=====End==========
==========Depthwise conv2d float weights as inputs example=====Start========
1
1
1
1
1
1
1
1
1
1
1
1
1
1
1
1
==========Depthwise conv2d float weights as inputs example=====End==========
